<?xml version="1.0" encoding="UTF-8"?>
<!-- Generated by org.testng.reporters.JUnitXMLReporter -->
<testsuite hostname="MJLT-1411" ignored="0" name="Test2" tests="1" failures="1" timestamp="15 Dec 2020 07:45:02 GMT" time="274.902" errors="0">
  <testcase name="validateAlertEventAlreadyExistedAndAuctionRuleInEventColumnTest" time="267.384" classname="com.testScripts_mjunction.TC_Auction_003E2E_FLowAuctionRuleEnglishNoTiesAndBidddingLOTLumpsum">
    <failure type="java.lang.AssertionError" message="Failed Due to Expected condition failed: waiting for visibility of element located by By.xpath: //*[@id=&amp;apos;publishEventId&amp;apos;] (tried for 100 second(s) with 500 milliseconds interval)
Build info: version: &amp;apos;3.141.59&amp;apos;, revision: &amp;apos;e82be7d358&amp;apos;, time: &amp;apos;2018-11-14T08:17:03&amp;apos;
System info: host: &amp;apos;MJLT-1411&amp;apos;, ip: &amp;apos;192.168.1.100&amp;apos;, os.name: &amp;apos;Windows 10&amp;apos;, os.arch: &amp;apos;amd64&amp;apos;, os.version: &amp;apos;10.0&amp;apos;, java.version: &amp;apos;1.8.0_241&amp;apos;
Driver info: org.openqa.selenium.chrome.ChromeDriver
Capabilities {acceptInsecureCerts: false, browserName: chrome, browserVersion: 87.0.4280.88, chrome: {chromedriverVersion: 86.0.4240.22 (398b0743353ff..., userDataDir: C:\Users\SNEHAS~1.MUK\AppDa...}, goog:chromeOptions: {debuggerAddress: localhost:62305}, javascriptEnabled: true, networkConnectionEnabled: false, pageLoadStrategy: normal, platform: WINDOWS, platformName: WINDOWS, proxy: Proxy(), setWindowRect: true, strictFileInteractability: false, timeouts: {implicit: 0, pageLoad: 300000, script: 30000}, unhandledPromptBehavior: dismiss and notify, webauthn:virtualAuthenticators: true}
Session ID: d7ee588e462690e82c7755cfbcb42a2d">
      <![CDATA[java.lang.AssertionError: Failed Due to Expected condition failed: waiting for visibility of element located by By.xpath: //*[@id='publishEventId'] (tried for 100 second(s) with 500 milliseconds interval)
Build info: version: '3.141.59', revision: 'e82be7d358', time: '2018-11-14T08:17:03'
System info: host: 'MJLT-1411', ip: '192.168.1.100', os.name: 'Windows 10', os.arch: 'amd64', os.version: '10.0', java.version: '1.8.0_241'
Driver info: org.openqa.selenium.chrome.ChromeDriver
Capabilities {acceptInsecureCerts: false, browserName: chrome, browserVersion: 87.0.4280.88, chrome: {chromedriverVersion: 86.0.4240.22 (398b0743353ff..., userDataDir: C:\Users\SNEHAS~1.MUK\AppDa...}, goog:chromeOptions: {debuggerAddress: localhost:62305}, javascriptEnabled: true, networkConnectionEnabled: false, pageLoadStrategy: normal, platform: WINDOWS, platformName: WINDOWS, proxy: Proxy(), setWindowRect: true, strictFileInteractability: false, timeouts: {implicit: 0, pageLoad: 300000, script: 30000}, unhandledPromptBehavior: dismiss and notify, webauthn:virtualAuthenticators: true}
Session ID: d7ee588e462690e82c7755cfbcb42a2d
at com.components.AuctionComponent.clickSaveAndSchedule(AuctionComponent.java:2207)
at com.testScripts_mjunction.TC_Auction_003E2E_FLowAuctionRuleEnglishNoTiesAndBidddingLOTLumpsum.validateAlertEventAlreadyExistedAndAuctionRuleInEventColumnTest(TC_Auction_003E2E_FLowAuctionRuleEnglishNoTiesAndBidddingLOTLumpsum.java:65)
... Removed 26 stack frames]]>
    </failure>
  </testcase> <!-- validateAlertEventAlreadyExistedAndAuctionRuleInEventColumnTest -->
</testsuite> <!-- Test2 -->
